BAD &#.: 2773
BAD [#]: 2788
BAD [#]: 2799
BAD [#]: 2830
BAD &#: 2846
BAD &#: 2864
BAD &#.: 2888
BAD [#]: 2928
BAD &#: 3015
BAD &#: 3040
BAD &#: 3055
BAD &#: 3061
BAD &#: 3090
CAN'T DO LETTER SUBPASSAGE: 3098
BAD [#]: 3104
BAD &#: 3146
BAD &#: 3156
BAD &#: 3268
BAD &#: 3305
BAD &#: 3316
BAD [#]: 3441
BAD [#]: 3441
BAD &#: 3443
BAD &#: 3466
BAD &#: 3473
BAD &#: 3480
BAD &#: 3511
BAD &#: 3528
BAD [#]: 3574
BAD &#: 3581
BAD &#: 3707
BAD {#: 3768
BAD [#]: 3786
BAD {#}: 3858
BAD &#: 3860
BAD &#: 3866
BAD [#]: 3881
CAN'T DO LETTER SUBPASSAGE: 3894
BAD &#: 3915
BAD {#: 3934
BAD [#]: 3941
BAD &#: 3965
BAD &#: 4031
