BAD [#]: 4197
CAN'T DO LETTER SUBPASSAGE: 4251
BAD &#.: 4252
BAD [#]: 4290
BAD [#]: 4290
BAD [#]: 4330
BAD {#: 4434
BAD &#.: 4458
BAD {#}: 4495
BAD &#.: 4498
BAD &#.: 4538
BAD &#.: 4567
BAD &#.: 4578
CAN'T DO LETTER SUBPASSAGE: 4653
BAD [#]: 4686
BAD [#]: 4728
BAD [#]: 4728
BAD [#]: 4735
BAD [#]: 4760
BAD [#]: 4832
BAD [#]: 4843
BAD {#: 4857
BAD [#]: 4876
BAD [#]: 4922
BAD [#]: 4922
BAD [#]: 4973
BAD [#]: 5113
BAD [#]: 5120
PAS B < PAS A!: 5158
PAS B < PAS A!: 5159
PAS B < PAS A!: 5160
PAS B < PAS A!: 5161
PAS B < PAS A!: 5164
PAS B < PAS A!: 5163
PAS B < PAS A!: 5164
PAS B < PAS A!: 5165
PAS B < PAS A!: 5166
PAS B < PAS A!: 5167
PAS B < PAS A!: 5168
PAS B < PAS A!: 5169
PAS B < PAS A!: 5172
PAS B < PAS A!: 5173
PAS B < PAS A!: 5174
PAS B < PAS A!: 5175
PAS B < PAS A!: 5176
PAS B < PAS A!: 5177
PAS B < PAS A!: 5178
PAS B < PAS A!: 5179
PAS B < PAS A!: 5180
PAS B < PAS A!: 5181
PAS B < PAS A!: 5182
PAS B < PAS A!: 5183
PAS B < PAS A!: 5184
PAS B < PAS A!: 5185
PAS B < PAS A!: 5186
PAS B < PAS A!: 5187
PAS B < PAS A!: 5188
PAS B < PAS A!: 5189
PAS B < PAS A!: 5190
