BAD {#: 5213
BAD {#}: 5236
BAD &#: 5279
BAD [#]: 5291
BAD [#]: 5313
BAD [#]: 5313
BAD [#]: 5319
BAD [#]: 5321
BAD [#]: 5354
BAD [#]: 5376
CAN'T DO LETTER SUBPASSAGE: 5396
BAD &#: 5407
BAD [#]: 5550
BAD &#: 5565
CAN'T DO LETTER SUBPASSAGE: 5612
BAD &#: 5659
CAN'T DO LETTER SUBPASSAGE: 5664
BAD {#}: 5722
BAD {#}: 5724
BAD [#]: 5798
BAD &#: 5823
BAD {#: 5897
BAD {#}: 5897
BAD &#: 5911
BAD [#]: 5922
BAD {#: 5954
BAD {#: 5986
BAD &#: 6001
BAD &#: 6049
BAD &#: 6054
BAD &#: 6060
BAD &#: 6096
BAD &#: 6107
BAD &#: 6118
BAD &#: 6150
BAD &#: 6206
BAD &#: 6251
BAD &#.: 6274
BAD &#: 6284
BAD &#: 6297
BAD &#: 6313
BAD {#: 6313
BAD [#]: 6385
BAD &#: 6393
BAD [#]: 6397
BAD [#]: 6413
BAD &#: 6440
BAD &#: 6470
BAD &#: 6472
BAD &#: 6480
BAD &#: 6580
