BAD [#]: 8408
BAD [#]: 8409
BAD [#]: 8452
BAD [#]: 8464
BAD [#]: 8581
BAD [#]: 8588
BAD [#]: 8588
CAN'T DO LETTER SUBPASSAGE: 8603
BAD [#]: 8620
BAD [#]: 8715
BAD &#.: 8759
BAD &#.: 8765
BAD {#: 8788
BAD [#]: 8813
BAD [#]: 8875
BAD [#]: 8886
BAD [#]: 8904
BAD [#]: 8906
BAD [#]: 8918
BAD [#]: 8972
BAD [#]: 8972
BAD [#]: 8989
BAD [#]: 8989
BAD &#.: 9047
BAD {#: 9050
BAD [#]: 9081
BAD [#]: 9093
BAD &#: 9097
BAD [#]: 9097
BAD [#]: 9127
BAD [#]: 9144
BAD [#]: 9163
BAD [#]: 9174
BAD [#]: 9198
BAD [#]: 9207
BAD [#]: 9210
BAD [#]: 9228
BAD [#]: 9229
BAD [#]: 9229
BAD {#}: 9229
BAD [#]: 9257
BAD [#]: 9262
BAD &#: 9262
BAD [#]: 9272
BAD [#]: 9272
BAD [#]: 9272
BAD [#]: 9272
BAD [#]: 9274
BAD [#]: 9293
BAD [#]: 9328
BAD [#]: 9331
BAD [#]: 9341
BAD [#]: 9348
BAD &#.: 9376
BAD [#]: 9399
BAD [#]: 9406
BAD [#]: 9410
BAD [#]: 9413
BAD &#: 9413
BAD [#]: 9424
BAD [#]: 9434
